# JRE version: OpenJDK Runtime Environment Corretto-11.0.22.7.1 (11.0.22+7) (build 11.0.22+7-LTS)
# Java VM: OpenJDK 64-Bit Server VM Corretto-11.0.22.7.1 (11.0.22+7-LTS, mixed mode, tiered, compressed oops, g1 gc, windows-amd64)
Heap:
 garbage-first heap   total 109568K, used 70870K [0x0000000700800000, 0x0000000800000000)
  region size 1024K, 30 young (30720K), 3 survivors (3072K)
 Metaspace       used 85720K, capacity 88992K, committed 89224K, reserved 1126400K
  class space    used 11081K, capacity 12387K, committed 12416K, reserved 1048576K
GC Heap History (20 events):
Event: 3035.293 GC heap after
{Heap after GC invocations=30 (full 2):
 garbage-first heap   total 109568K, used 45872K [0x0000000700800000, 0x0000000800000000)
  region size 1024K, 4 young (4096K), 4 survivors (4096K)
 Metaspace       used 84997K, capacity 88232K, committed 88456K, reserved 1126400K
  class space    used 11013K, capacity 12295K, committed 12416K, reserved 1048576K
}
Event: 3036.859 GC heap before
{Heap before GC invocations=30 (full 2):
 garbage-first heap   total 109568K, used 67376K [0x0000000700800000, 0x0000000800000000)
  region size 1024K, 26 young (26624K), 4 survivors (4096K)
 Metaspace       used 85080K, capacity 88308K, committed 88456K, reserved 1126400K
  class space    used 11019K, capacity 12298K, committed 12416K, reserved 1048576K
}
Event: 3036.900 GC heap after
{Heap after GC invocations=31 (full 3):
 garbage-first heap   total 109568K, used 37084K [0x0000000700800000, 0x0000000800000000)
  region size 1024K, 0 young (0K), 0 survivors (0K)
 Metaspace       used 85069K, capacity 88290K, committed 88456K, reserved 1126400K
  class space    used 11017K, capacity 12295K, committed 12416K, reserved 1048576K
}
Event: 3037.125 GC heap before
{Heap before GC invocations=31 (full 3):
 garbage-first heap   total 109568K, used 87260K [0x0000000700800000, 0x0000000800000000)
  region size 1024K, 49 young (50176K), 0 survivors (0K)
 Metaspace       used 85247K, capacity 88516K, committed 88712K, reserved 1126400K
  class space    used 11040K, capacity 12342K, committed 12416K, reserved 1048576K
}
Event: 3037.127 GC heap after
{Heap after GC invocations=32 (full 3):
 garbage-first heap   total 109568K, used 39999K [0x0000000700800000, 0x0000000800000000)
  region size 1024K, 3 young (3072K), 3 survivors (3072K)
 Metaspace       used 85247K, capacity 88516K, committed 88712K, reserved 1126400K
  class space    used 11040K, capacity 12342K, committed 12416K, reserved 1048576K
}
Event: 3037.339 GC heap before
{Heap before GC invocations=32 (full 3):
 garbage-first heap   total 109568K, used 88127K [0x0000000700800000, 0x0000000800000000)
  region size 1024K, 50 young (51200K), 3 survivors (3072K)
 Metaspace       used 85440K, capacity 88708K, committed 88968K, reserved 1126400K
  class space    used 11058K, capacity 12342K, committed 12416K, reserved 1048576K
}
Event: 3037.341 GC heap after
{Heap after GC invocations=33 (full 3):
 garbage-first heap   total 109568K, used 41319K [0x0000000700800000, 0x0000000800000000)
  region size 1024K, 5 young (5120K), 5 survivors (5120K)
 Metaspace       used 85440K, capacity 88708K, committed 88968K, reserved 1126400K
  class space    used 11058K, capacity 12342K, committed 12416K, reserved 1048576K
}
Event: 3037.509 GC heap before
{Heap before GC invocations=33 (full 3):
 garbage-first heap   total 109568K, used 88423K [0x0000000700800000, 0x0000000800000000)
  region size 1024K, 51 young (52224K), 5 survivors (5120K)
 Metaspace       used 85661K, capacity 88980K, committed 89224K, reserved 1126400K
  class space    used 11076K, capacity 12384K, committed 12416K, reserved 1048576K
}
Event: 3037.512 GC heap after
{Heap after GC invocations=34 (full 3):
 garbage-first heap   total 109568K, used 43251K [0x0000000700800000, 0x0000000800000000)
  region size 1024K, 4 young (4096K), 4 survivors (4096K)
 Metaspace       used 85661K, capacity 88980K, committed 89224K, reserved 1126400K
  class space    used 11076K, capacity 12384K, committed 12416K, reserved 1048576K
}
Event: 3311.408 GC heap before
{Heap before GC invocations=34 (full 3):
 garbage-first heap   total 109568K, used 88307K [0x0000000700800000, 0x0000000800000000)
  region size 1024K, 48 young (49152K), 4 survivors (4096K)
 Metaspace       used 85716K, capacity 88986K, committed 89224K, reserved 1126400K
  class space    used 11080K, capacity 12385K, committed 12416K, reserved 1048576K
}
Event: 3311.411 GC heap after
{Heap after GC invocations=35 (full 3):
 garbage-first heap   total 109568K, used 43782K [0x0000000700800000, 0x0000000800000000)
  region size 1024K, 3 young (3072K), 3 survivors (3072K)
 Metaspace       used 85716K, capacity 88986K, committed 89224K, reserved 1126400K
  class space    used 11080K, capacity 12385K, committed 12416K, reserved 1048576K
}
Event: 3728.075 GC heap before
{Heap before GC invocations=35 (full 3):
 garbage-first heap   total 109568K, used 88838K [0x0000000700800000, 0x0000000800000000)
  region size 1024K, 47 young (48128K), 3 survivors (3072K)
 Metaspace       used 85716K, capacity 88986K, committed 89224K, reserved 1126400K
  class space    used 11080K, capacity 12385K, committed 12416K, reserved 1048576K
}
Event: 3728.077 GC heap after
{Heap after GC invocations=36 (full 3):
 garbage-first heap   total 109568K, used 43681K [0x0000000700800000, 0x0000000800000000)
  region size 1024K, 3 young (3072K), 3 survivors (3072K)
 Metaspace       used 85716K, capacity 88986K, committed 89224K, reserved 1126400K
  class space    used 11080K, capacity 12385K, committed 12416K, reserved 1048576K
}
Event: 4152.851 GC heap before
{Heap before GC invocations=36 (full 3):
 garbage-first heap   total 109568K, used 89761K [0x0000000700800000, 0x0000000800000000)
  region size 1024K, 48 young (49152K), 3 survivors (3072K)
 Metaspace       used 85717K, capacity 88986K, committed 89224K, reserved 1126400K
  class space    used 11080K, capacity 12385K, committed 12416K, reserved 1048576K
}
Event: 4152.853 GC heap after
{Heap after GC invocations=37 (full 3):
 garbage-first heap   total 109568K, used 43634K [0x0000000700800000, 0x0000000800000000)
  region size 1024K, 3 young (3072K), 3 survivors (3072K)
 Metaspace       used 85717K, capacity 88986K, committed 89224K, reserved 1126400K
  class space    used 11080K, capacity 12385K, committed 12416K, reserved 1048576K
}
Event: 4578.009 GC heap before
{Heap before GC invocations=37 (full 3):
 garbage-first heap   total 109568K, used 89714K [0x0000000700800000, 0x0000000800000000)
  region size 1024K, 48 young (49152K), 3 survivors (3072K)
 Metaspace       used 85717K, capacity 88986K, committed 89224K, reserved 1126400K
  class space    used 11080K, capacity 12385K, committed 12416K, reserved 1048576K
}
Event: 4578.010 GC heap after
{Heap after GC invocations=38 (full 3):
 garbage-first heap   total 109568K, used 43618K [0x0000000700800000, 0x0000000800000000)
  region size 1024K, 3 young (3072K), 3 survivors (3072K)
 Metaspace       used 85717K, capacity 88986K, committed 89224K, reserved 1126400K
  class space    used 11080K, capacity 12385K, committed 12416K, reserved 1048576K
}
Event: 6436.237 GC heap before
{Heap before GC invocations=38 (full 3):
 garbage-first heap   total 109568K, used 90722K [0x0000000700800000, 0x0000000800000000)
  region size 1024K, 49 young (50176K), 3 survivors (3072K)
 Metaspace       used 85717K, capacity 88986K, committed 89224K, reserved 1126400K
  class space    used 11080K, capacity 12385K, committed 12416K, reserved 1048576K
}
Event: 6436.239 GC heap after
{Heap after GC invocations=39 (full 3):
 garbage-first heap   total 109568K, used 44126K [0x0000000700800000, 0x0000000800000000)
  region size 1024K, 3 young (3072K), 3 survivors (3072K)
 Metaspace       used 85717K, capacity 88986K, committed 89224K, reserved 1126400K
  class space    used 11080K, capacity 12385K, committed 12416K, reserved 1048576K
}
Event: 6609.221 GC heap before
{Heap before GC invocations=39 (full 3):
 garbage-first heap   total 109568K, used 70750K [0x0000000700800000, 0x0000000800000000)
  region size 1024K, 30 young (30720K), 3 survivors (3072K)
 Metaspace       used 85720K, capacity 88992K, committed 89224K, reserved 1126400K
  class space    used 11081K, capacity 12387K, committed 12416K, reserved 1048576K
}

